2021-02-14 23:16:21 INFO  Main:38 - saved data reading
2021-02-14 23:16:21 INFO  Main:43 - application start
2021-02-14 23:16:22 INFO  Controller:75 - Main controller initializing
2021-02-14 23:16:55 INFO  Main:38 - saved data reading
2021-02-14 23:16:55 INFO  Main:43 - application start
2021-02-14 23:16:55 INFO  Controller:75 - Main controller initializing
2021-02-14 23:16:59 INFO  NewEditController:91 - new/edit window initializing
2021-02-17 09:36:41 INFO  Main:38 - saved data reading
2021-02-17 09:36:41 INFO  Main:43 - application start
2021-02-17 09:36:42 INFO  Controller:75 - Main controller initializing
2021-02-17 09:36:50 INFO  NewEditController:91 - new/edit window initializing
2021-03-07 17:15:51 INFO  Main:38 - saved data reading
2021-03-07 17:15:51 INFO  Main:43 - application start
2021-03-07 17:15:52 INFO  Controller:75 - Main controller initializing
2021-03-07 17:15:59 INFO  NewEditController:91 - new/edit window initializing
2021-03-07 17:18:10 INFO  Main:38 - saved data reading
2021-03-07 17:18:10 INFO  Main:43 - application start
2021-03-07 17:18:11 INFO  Controller:75 - Main controller initializing
2021-03-12 20:05:57 INFO  Main:38 - saved data reading
2021-03-12 20:05:57 INFO  Main:43 - application start
2021-03-12 20:05:57 INFO  TaskListController:75 - Main controller initializing
2021-03-12 20:10:19 INFO  Main:38 - saved data reading
2021-03-12 20:10:19 INFO  Main:43 - application start
2021-03-12 20:10:20 INFO  TaskListController:75 - Main controller initializing
2021-03-12 20:22:42 INFO  Main:39 - saved data reading
2021-03-12 20:22:42 INFO  Main:44 - application start
2021-03-12 20:22:42 INFO  TaskListController:75 - Main controller initializing
2021-03-12 20:26:37 INFO  Main:40 - saved data reading
2021-03-12 20:26:37 INFO  Main:45 - application start
2021-03-12 20:26:38 INFO  TaskListController:76 - Main controller initializing
2021-03-12 20:29:17 INFO  Main:40 - saved data reading
2021-03-12 20:29:17 INFO  Main:45 - application start
2021-03-12 20:29:18 INFO  TaskListController:76 - Main controller initializing
2021-03-12 20:31:35 INFO  Main:40 - saved data reading
2021-03-12 20:31:35 INFO  Main:45 - application start
2021-03-12 20:31:35 INFO  TaskListController:75 - Main controller initializing
2021-03-12 20:39:56 INFO  Main:40 - saved data reading
2021-03-12 20:39:56 INFO  Main:45 - application start
2021-03-12 20:39:56 INFO  TaskListController:75 - Main controller initializing
2021-03-12 20:42:48 INFO  Main:40 - saved data reading
2021-03-12 20:42:48 INFO  Main:45 - application start
2021-03-12 20:42:48 INFO  TaskListController:75 - Main controller initializing
2021-03-12 20:51:36 INFO  Main:40 - saved data reading
2021-03-12 20:51:36 INFO  Main:45 - application start
2021-03-12 20:51:36 INFO  TaskListController:75 - Main controller initializing
2021-03-12 21:01:39 INFO  Main:39 - saved data reading
2021-03-12 21:01:39 INFO  Main:44 - application start
2021-03-12 21:01:39 INFO  TaskListController:75 - Main controller initializing
2021-03-12 21:41:43 INFO  Main:39 - saved data reading
2021-03-12 21:41:43 INFO  Main:44 - application start
2021-03-12 21:41:43 INFO  TaskListController:75 - Main controller initializing
2021-03-12 21:44:49 INFO  Main:39 - saved data reading
2021-03-12 21:44:49 INFO  Main:44 - application start
2021-03-12 21:44:50 INFO  TaskListController:75 - Main controller initializing
2021-03-15 14:48:48 INFO  Main:39 - saved data reading
2021-03-15 14:48:48 INFO  Main:44 - application start
2021-03-15 14:48:49 INFO  TaskListController:75 - Main controller initializing
2021-03-28 16:01:18 INFO  Main:39 - saved data reading
2021-03-28 16:01:18 INFO  Main:44 - application start
2021-03-28 16:01:18 INFO  TaskListController:75 - Main controller initializing
2021-03-28 18:35:16 INFO  Main:39 - saved data reading
2021-03-28 18:35:16 INFO  Main:44 - application start
2021-03-28 18:35:42 INFO  Main:39 - saved data reading
2021-03-28 18:35:42 INFO  Main:44 - application start
2021-03-28 18:36:12 INFO  Main:39 - saved data reading
2021-03-28 18:36:12 INFO  Main:44 - application start
2021-03-28 18:38:16 INFO  Main:39 - saved data reading
2021-03-28 18:38:16 INFO  Main:44 - application start
2021-03-28 18:38:17 INFO  TaskListController:75 - Main controller initializing
2021-03-28 18:39:33 INFO  Main:39 - saved data reading
2021-03-28 18:39:33 INFO  Main:44 - application start
2021-03-28 18:39:33 INFO  TaskListController:75 - Main controller initializing
2021-03-28 18:39:47 INFO  NewEditController:93 - new/edit window initializing
2021-03-28 18:55:26 INFO  Main:39 - saved data reading
2021-03-28 18:55:26 INFO  Main:44 - application start
2021-03-28 18:55:26 INFO  TaskListController:75 - Main controller initializing
2021-03-28 18:55:29 INFO  NewEditController:93 - new/edit window initializing
2021-03-28 19:01:40 INFO  Main:39 - saved data reading
2021-03-28 19:01:40 INFO  Main:44 - application start
2021-03-28 19:01:40 INFO  TaskListController:75 - Main controller initializing
2021-03-28 19:01:42 INFO  NewEditController:93 - new/edit window initializing
2021-03-28 19:03:37 INFO  Main:39 - saved data reading
2021-03-28 19:03:37 INFO  Main:44 - application start
2021-03-28 19:03:37 INFO  TaskListController:75 - Main controller initializing
2021-03-28 19:03:38 INFO  NewEditController:93 - new/edit window initializing
2021-03-28 19:10:42 INFO  NewEditController:93 - new/edit window initializing
2021-03-28 19:13:31 INFO  NewEditController:93 - new/edit window initializing
2021-03-28 19:16:38 ERROR Task:41 - interval < than 1
2021-03-28 19:18:09 INFO  Main:39 - saved data reading
2021-03-28 19:18:09 INFO  Main:44 - application start
2021-03-28 19:18:09 INFO  TaskListController:75 - Main controller initializing
2021-03-28 19:18:19 INFO  NewEditController:93 - new/edit window initializing
2021-03-28 19:19:20 ERROR Task:41 - interval < than 1
2021-03-28 20:22:52 INFO  Main:39 - saved data reading
2021-03-28 20:22:52 INFO  Main:44 - application start
2021-03-28 20:22:52 INFO  TaskListController:75 - Main controller initializing
2021-04-11 20:55:35 INFO  Main:39 - saved data reading
2021-04-11 20:55:35 INFO  Main:44 - application start
2021-04-11 20:55:35 INFO  TaskListController:75 - Main controller initializing
2024-05-14 00:27:24 INFO  Main:39 - saved data reading
2024-05-14 00:27:24 INFO  Main:44 - application start
2024-05-14 00:27:24 INFO  TaskListController:75 - Main controller initializing
